[debug] [2022-05-30T22:05:03.120Z] ----------------------------------------------------------------------
[debug] [2022-05-30T22:05:03.123Z] Command:       C:\Program Files\nodejs\node.exe C:\Users\SHORAB\AppData\Roaming\npm\node_modules\firebase-tools\lib\bin\firebase.js init
[debug] [2022-05-30T22:05:03.124Z] CLI Version:   10.6.0
[debug] [2022-05-30T22:05:03.124Z] Platform:      win32
[debug] [2022-05-30T22:05:03.124Z] Node Version:  v16.14.0
[debug] [2022-05-30T22:05:03.135Z] Time:          Tue May 31 2022 04:05:03 GMT+0600 (Bangladesh Standard Time)
[debug] [2022-05-30T22:05:03.135Z] ----------------------------------------------------------------------
[debug] 
[debug] [2022-05-30T22:05:03.259Z] > command requires scopes: ["email","openid","https://www.googleapis.com/auth/cloudplatformprojects.readonly","https://www.googleapis.com/auth/firebase","https://www.googleapis.com/auth/cloud-platform"]
[debug] [2022-05-30T22:05:03.259Z] > authorizing via signed-in user (khansourav58@gmail.com)
[info] 
     ######## #### ########  ######## ########     ###     ######  ########
     ##        ##  ##     ## ##       ##     ##  ##   ##  ##       ##
     ######    ##  ########  ######   ########  #########  ######  ######
     ##        ##  ##    ##  ##       ##     ## ##     ##       ## ##
     ##       #### ##     ## ######## ########  ##     ##  ######  ########

You're about to initialize a Firebase project in this directory:

  E:\SDP-1\react-convention

Before we get started, keep in mind:

  * You are initializing within an existing Firebase project directory

